<?xml version="1.0" encoding="UTF-8"?>
<!-- Generated by org.testng.reporters.JUnitXMLReporter -->
<testsuite hostname="DESKTOP-PHPQOJO" name="Test" tests="2" failures="1" timestamp="7 Sep 2020 10:33:11 GMT" time="110.189" errors="0">
  <testcase name="get_Data_For_Functionality_execution" time="0.545" classname="com.ParseDataFromExcel.InputDataProvider"/>
  <testcase name="feature" time="109.434" classname="com.ModuleRunnerFile.WeatherAuthenticationRunnerFile">
    <failure type="cucumber.runtime.CucumberException" message="java.lang.AssertionError: Variance Calculated Should be Less the Variance Assigned. expected [true] but found [false]">
      <![CDATA[cucumber.runtime.CucumberException: java.lang.AssertionError: Variance Calculated Should be Less the Variance Assigned. expected [true] but found [false]
	at cucumber.api.testng.TestNGCucumberRunner.runCucumber(TestNGCucumberRunner.java:69)
	at com.ModuleRunnerFile.WeatherAuthenticationRunnerFile.feature(WeatherAuthenticationRunnerFile.java:32)
	at org.apache.maven.surefire.testng.TestNGExecutor.run(TestNGExecutor.java:283)
	at org.apache.maven.surefire.testng.TestNGXmlTestSuite.execute(TestNGXmlTestSuite.java:75)
	at org.apache.maven.surefire.testng.TestNGProvider.invoke(TestNGProvider.java:120)
	at org.apache.maven.surefire.booter.ForkedBooter.invokeProviderInSameClassLoader(ForkedBooter.java:384)
	at org.apache.maven.surefire.booter.ForkedBooter.runSuitesInProcess(ForkedBooter.java:345)
	at org.apache.maven.surefire.booter.ForkedBooter.execute(ForkedBooter.java:126)
	at org.apache.maven.surefire.booter.ForkedBooter.main(ForkedBooter.java:418)
Caused by: java.lang.AssertionError: Variance Calculated Should be Less the Variance Assigned. expected [true] but found [false]
	at com.FucntionalityModules.VarianceFunctionalityModule.find_variance_and_authenticate_weather(VarianceFunctionalityModule.java:12)
	at com.ModuleStepDefinitions.FunctionalStepDefinition.the_temperature_of_should_match_with_Api_results(FunctionalStepDefinition.java:57)
	at ✽.And the temperature should match with Api results(src/main/resources/FeatureFile/WeatherAuthetication.feature:31)
... Removed 24 stack frames]]>
    </failure>
  </testcase> <!-- feature -->
</testsuite> <!-- Test -->
