<?xml version="1.0" encoding="UTF-8"?>
<testsuite xmlns:xsi="http://www.w3.org/2001/XMLSchema-instance" xsi:noNamespaceSchemaLocation="https://maven.apache.org/surefire/maven-surefire-plugin/xsd/surefire-test-report-3.0.xsd" version="3.0" name="TestSuite" time="121.956" tests="2" errors="0" skipped="0" failures="1">
  <properties>
[...]
</properties>
  <testcase name="get_Data_For_Functionality_execution" classname="com.ParseDataFromExcel.InputDataProvider" time="0.544"/>
  <testcase name="feature" classname="com.ModuleRunnerFile.WeatherAuthenticationRunnerFile" time="109.492">
    <failure message="java.lang.AssertionError: Variance Calculated Should be Less the Variance Assigned. expected [true] but found [false]" type="cucumber.runtime.CucumberException">cucumber.runtime.CucumberException: java.lang.AssertionError: Variance Calculated Should be Less the Variance Assigned. expected [true] but found [false]
	at com.ModuleRunnerFile.WeatherAuthenticationRunnerFile.feature(WeatherAuthenticationRunnerFile.java:32)
Caused by: java.lang.AssertionError: Variance Calculated Should be Less the Variance Assigned. expected [true] but found [false]
</failure>
    <system-out><![CDATA[Feature: Validation of Weather Reporter
Page Is loaded.
Page Is loaded.
Page Is loaded.
Page Is loaded.
Page Is loaded.

  @run
  Scenario: Navigate to Weather page                                         &amp#27;[90m# src/main/resources/FeatureFile/WeatherAuthetication.feature:5&amp#27;[0m
    &amp#27;[32mGiven &amp#27;[0m&amp#27;[32mthe user navigates to home page url&amp#27;[0m                                &amp#27;[90m# FunctionalStepDefinition.the_user_navigates_to_home_page()&amp#27;[0m
    &amp#27;[32mThen &amp#27;[0m&amp#27;[32mthe user should be on home page&amp#27;[0m                                     &amp#27;[90m# FunctionalStepDefinition.the_user_should_be_on_the_home_page()&amp#27;[0m
    &amp#27;[32mWhen &amp#27;[0m&amp#27;[32mthe user clicks on the kebab menu in the home page&amp#27;[0m                  &amp#27;[90m# FunctionalStepDefinition.the_user_clicks_on_the_kebab_menu_in_the_home_page()&amp#27;[0m
    &amp#27;[32mThen &amp#27;[0m&amp#27;[32mthe user should see list of menu with "&amp#27;[0m&amp#27;[32m&amp#27;[1mWEATHER&amp#27;[0m&amp#27;[32m" present in the list&amp#27;[0m &amp#27;[90m# FunctionalStepDefinition.the_user_should_see_list_of_menu_with_present_in_the_list(String)&amp#27;[0m
    &amp#27;[32mWhen &amp#27;[0m&amp#27;[32mthe user clicks on the Weather option&amp#27;[0m                               &amp#27;[90m# FunctionalStepDefinition.the_user_clicks_on_the_Weather_option()&amp#27;[0m
    &amp#27;[32mThen &amp#27;[0m&amp#27;[32mthe user should be on the Weather page&amp#27;[0m                              &amp#27;[90m# FunctionalStepDefinition.the_user_should_be_on_the_Weather_page()&amp#27;[0m

  @run
  Scenario Outline: Get Data from API                                     &amp#27;[90m# src/main/resources/FeatureFile/WeatherAuthetication.feature:15&amp#27;[0m
    &amp#27;[36mGiven &amp#27;[0m&amp#27;[36mthe user gets the Weather data for particular "<City>" from API&amp#27;[0m

    Examples: 
Request method:	GET
Request URI:	http://api.openweathermap.org/data/2.5/weather?q=Bengaluru&appid=7fe67bf08c80ded756e598d6f8fedaea
Proxy:			<none>
Request params:	<none>
Query params:	q=Bengaluru
				appid=7fe67bf08c80ded756e598d6f8fedaea
Form params:	<none>
Path params:	<none>
Headers:		Accept=*/*
				Content-Type=application/json; charset=UTF-8
Cookies:		<none>
Multiparts:		<none>
Body:			<none>
Temperature From API:-29.369995

  @run
  Scenario Outline: Get Data from API                                        &amp#27;[90m# src/main/resources/FeatureFile/WeatherAuthetication.feature:21&amp#27;[0m
    &amp#27;[32mGiven &amp#27;[0m&amp#27;[32mthe user gets the Weather data for particular "&amp#27;[0m&amp#27;[32m&amp#27;[1mBengaluru&amp#27;[0m&amp#27;[32m" from API&amp#27;[0m &amp#27;[90m# ApiStepDefinition.get_the_weather_data_for_particular_city_from_api(String)&amp#27;[0m

  @run
  Scenario Outline: Get Weather data from the Map                              &amp#27;[90m# src/main/resources/FeatureFile/WeatherAuthetication.feature:24&amp#27;[0m
    &amp#27;[36mGiven &amp#27;[0m&amp#27;[36mthe user should be on the Weather page&amp#27;[0m
    &amp#27;[36mWhen &amp#27;[0m&amp#27;[36mthe user searches for the respective "<City>"&amp#27;[0m
    &amp#27;[36mThen &amp#27;[0m&amp#27;[36mthe user should see the "<City>" name in the suggestion box&amp#27;[0m
    &amp#27;[36mWhen &amp#27;[0m&amp#27;[36mthe user clicks the checkbox for the searched "<City>"&amp#27;[0m
    &amp#27;[36mThen &amp#27;[0m&amp#27;[36mthe particular "<City>" should appear in the Map with weather details&amp#27;[0m
    &amp#27;[36mAnd &amp#27;[0m&amp#27;[36mthe temperature should match with Api results&amp#27;[0m

    Examples: 
Page Is loaded.
Page Is loaded.
Page Is loaded.
Page Is loaded.
Page Is loaded.
Temperature Displayed in UI:-26
Varience Calculated:-2.8392165750062492

  @run
  Scenario Outline: Get Weather data from the Map                                 &amp#27;[90m# src/main/resources/FeatureFile/WeatherAuthetication.feature:35&amp#27;[0m
    &amp#27;[32mGiven &amp#27;[0m&amp#27;[32mthe user should be on the Weather page&amp#27;[0m                                  &amp#27;[90m# FunctionalStepDefinition.the_user_should_be_on_the_Weather_page()&amp#27;[0m
    &amp#27;[32mWhen &amp#27;[0m&amp#27;[32mthe user searches for the respective "&amp#27;[0m&amp#27;[32m&amp#27;[1mBengaluru&amp#27;[0m&amp#27;[32m"&amp#27;[0m                         &amp#27;[90m# FunctionalStepDefinition.the_user_searches_for_the_respective_city(String)&amp#27;[0m
    &amp#27;[32mThen &amp#27;[0m&amp#27;[32mthe user should see the "&amp#27;[0m&amp#27;[32m&amp#27;[1mBengaluru&amp#27;[0m&amp#27;[32m" name in the suggestion box&amp#27;[0m           &amp#27;[90m# FunctionalStepDefinition.the_user_should_see_the_city_name_in_the_suggestion_box(String)&amp#27;[0m
    &amp#27;[32mWhen &amp#27;[0m&amp#27;[32mthe user clicks the checkbox for the searched "&amp#27;[0m&amp#27;[32m&amp#27;[1mBengaluru&amp#27;[0m&amp#27;[32m"&amp#27;[0m                &amp#27;[90m# FunctionalStepDefinition.the_user_clicks_the_checkbox_for_the_city(String)&amp#27;[0m
    &amp#27;[32mThen &amp#27;[0m&amp#27;[32mthe particular "&amp#27;[0m&amp#27;[32m&amp#27;[1mBengaluru&amp#27;[0m&amp#27;[32m" should appear in the Map with weather details&amp#27;[0m &amp#27;[90m# FunctionalStepDefinition.the_particular_city_should_be_present_in_map(String)&amp#27;[0m
    &amp#27;[31mAnd &amp#27;[0m&amp#27;[31mthe temperature should match with Api results&amp#27;[0m                             &amp#27;[90m# FunctionalStepDefinition.the_temperature_of_should_match_with_Api_results()&amp#27;[0m
      &amp#27;[31mjava.lang.AssertionError: Variance Calculated Should be Less the Variance Assigned. expected [true] but found [false]
      	at org.testng.Assert.fail(Assert.java:94)
      	at org.testng.Assert.failNotEquals(Assert.java:494)
      	at org.testng.Assert.assertTrue(Assert.java:42)
      	at com.FucntionalityModules.VarianceFunctionalityModule.find_variance_and_authenticate_weather(VarianceFunctionalityModule.java:12)
      	at com.ModuleStepDefinitions.FunctionalStepDefinition.the_temperature_of_should_match_with_Api_results(FunctionalStepDefinition.java:57)
      	at ?.And the temperature should match with Api results(src/main/resources/FeatureFile/WeatherAuthetication.feature:31)
      &amp#27;[0m
]]></system-out>
    <system-err><![CDATA[JavaScript warning: https://cdn.ndtv.com/static/js/main.js?ver-27022020.1, line 310: unreachable code after return statement
JavaScript warning: https://drop.ndtv.com/homepage/js/jquery.min.js, line 3: unreachable code after return statement
JavaScript error: https://www.instagram.com/embed.js?_=1599474686556, line 8: Error: Minified exception occurred; use the non-minified dev environment for the full error message and additional helpful warnings.
log4j:WARN No appenders could be found for logger (org.apache.http.impl.conn.BasicClientConnectionManager).
log4j:WARN Please initialize the log4j system properly.
]]></system-err>
  </testcase>
</testsuite>